mode: set
enigmacamp.com/be-enigma-laundry/repository/bill_repository.go:20.73,22.16 2 1
enigmacamp.com/be-enigma-laundry/repository/bill_repository.go:22.16,24.3 1 1
enigmacamp.com/be-enigma-laundry/repository/bill_repository.go:26.2,36.16 3 1
enigmacamp.com/be-enigma-laundry/repository/bill_repository.go:36.16,38.3 1 1
enigmacamp.com/be-enigma-laundry/repository/bill_repository.go:40.2,41.40 2 1
enigmacamp.com/be-enigma-laundry/repository/bill_repository.go:41.40,53.17 3 1
enigmacamp.com/be-enigma-laundry/repository/bill_repository.go:53.17,55.4 1 1
enigmacamp.com/be-enigma-laundry/repository/bill_repository.go:56.3,57.48 2 1
enigmacamp.com/be-enigma-laundry/repository/bill_repository.go:59.2,62.36 4 1
enigmacamp.com/be-enigma-laundry/repository/bill_repository.go:62.36,64.3 1 0
enigmacamp.com/be-enigma-laundry/repository/bill_repository.go:66.2,66.18 1 1
enigmacamp.com/be-enigma-laundry/repository/bill_repository.go:69.61,91.16 3 0
enigmacamp.com/be-enigma-laundry/repository/bill_repository.go:91.16,93.3 1 0
enigmacamp.com/be-enigma-laundry/repository/bill_repository.go:95.2,98.16 3 0
enigmacamp.com/be-enigma-laundry/repository/bill_repository.go:98.16,100.3 1 0
enigmacamp.com/be-enigma-laundry/repository/bill_repository.go:102.2,102.18 1 0
enigmacamp.com/be-enigma-laundry/repository/bill_repository.go:102.18,119.3 3 0
enigmacamp.com/be-enigma-laundry/repository/bill_repository.go:120.2,121.18 2 0
enigmacamp.com/be-enigma-laundry/repository/bill_repository.go:124.51,126.2 1 1
enigmacamp.com/be-enigma-laundry/repository/customer_repository.go:17.69,29.16 3 0
enigmacamp.com/be-enigma-laundry/repository/customer_repository.go:29.16,31.3 1 0
enigmacamp.com/be-enigma-laundry/repository/customer_repository.go:33.2,33.22 1 0
enigmacamp.com/be-enigma-laundry/repository/customer_repository.go:36.59,38.2 1 0
enigmacamp.com/be-enigma-laundry/repository/product_repository.go:17.67,29.16 3 0
enigmacamp.com/be-enigma-laundry/repository/product_repository.go:29.16,31.3 1 0
enigmacamp.com/be-enigma-laundry/repository/product_repository.go:33.2,33.21 1 0
enigmacamp.com/be-enigma-laundry/repository/product_repository.go:36.57,38.2 1 0
enigmacamp.com/be-enigma-laundry/repository/user_repository.go:22.73,36.16 3 0
enigmacamp.com/be-enigma-laundry/repository/user_repository.go:36.16,38.3 1 0
enigmacamp.com/be-enigma-laundry/repository/user_repository.go:40.2,40.18 1 0
enigmacamp.com/be-enigma-laundry/repository/user_repository.go:43.77,49.16 4 0
enigmacamp.com/be-enigma-laundry/repository/user_repository.go:49.16,51.3 1 0
enigmacamp.com/be-enigma-laundry/repository/user_repository.go:53.2,53.18 1 0
enigmacamp.com/be-enigma-laundry/repository/user_repository.go:56.61,69.16 3 0
enigmacamp.com/be-enigma-laundry/repository/user_repository.go:69.16,71.3 1 0
enigmacamp.com/be-enigma-laundry/repository/user_repository.go:73.2,73.18 1 0
enigmacamp.com/be-enigma-laundry/repository/user_repository.go:76.51,78.2 1 0
